2025-02-20 14:02:31 [background-preinit] INFO  o.h.validator.internal.util.Version - HV000001: Hibernate Validator 8.0.2.Final
2025-02-20 14:02:31 [main] INFO  c.e.internship.InternshipApplication - Starting InternshipApplication using Java 23.0.2 with PID 17800 (D:\Projects\internship\build\classes\java\main started by seva4 in D:\Projects\microservices)
2025-02-20 14:02:31 [main] INFO  c.e.internship.InternshipApplication - No active profile set, falling back to 1 default profile: "default"
2025-02-20 14:02:32 [main] INFO  o.s.d.r.c.RepositoryConfigurationDelegate - Bootstrapping Spring Data JPA repositories in DEFAULT mode.
2025-02-20 14:02:32 [main] INFO  o.s.d.r.c.RepositoryConfigurationDelegate - Finished Spring Data repository scanning in 38 ms. Found 6 JPA repository interfaces.
2025-02-20 14:02:32 [main] INFO  o.s.cloud.context.scope.GenericScope - BeanFactory id=6b8dd9ca-13b3-3806-bffa-48c5979a115f
2025-02-20 14:02:33 [main] INFO  o.s.b.w.e.tomcat.TomcatWebServer - Tomcat initialized with port 8080 (http)
2025-02-20 14:02:33 [main] INFO  o.s.b.w.s.c.ServletWebServerApplicationContext - Root WebApplicationContext: initialization completed in 1902 ms
2025-02-20 14:02:34 [main] INFO  o.h.jpa.internal.util.LogHelper - HHH000204: Processing PersistenceUnitInfo [name: default]
2025-02-20 14:02:34 [main] INFO  org.hibernate.Version - HHH000412: Hibernate ORM core version 6.6.5.Final
2025-02-20 14:02:34 [main] INFO  o.h.c.i.RegionFactoryInitiator - HHH000026: Second-level cache disabled
2025-02-20 14:02:34 [main] INFO  o.s.o.j.p.SpringPersistenceUnitInfo - No LoadTimeWeaver setup: ignoring JPA class transformer
2025-02-20 14:02:34 [main] WARN  org.hibernate.orm.deprecation - HHH90000025: PostgreSQLDialect does not need to be specified explicitly using 'hibernate.dialect' (remove the property setting and it will be selected by default)
2025-02-20 14:02:34 [main] INFO  o.hibernate.orm.connections.pooling - HHH10001005: Database info:
	Database JDBC URL [Connecting through datasource 'HikariDataSource (HikariPool-1)']
	Database driver: undefined/unknown
	Database version: 16.4
	Autocommit mode: undefined/unknown
	Isolation level: undefined/unknown
	Minimum pool size: undefined/unknown
	Maximum pool size: undefined/unknown
2025-02-20 14:02:35 [main] INFO  o.h.e.t.j.p.i.JtaPlatformInitiator - HHH000489: No JTA platform available (set 'hibernate.transaction.jta.platform' to enable JTA platform integration)
2025-02-20 14:02:35 [main] INFO  o.s.o.j.LocalContainerEntityManagerFactoryBean - Initialized JPA EntityManagerFactory for persistence unit 'default'
2025-02-20 14:02:35 [main] INFO  o.s.s.c.a.a.c.InitializeAuthenticationProviderBeanManagerConfigurer$InitializeAuthenticationProviderManagerConfigurer - Global AuthenticationManager configured with AuthenticationProvider bean with name authenticationProvider
2025-02-20 14:02:36 [main] WARN  o.s.b.a.o.j.JpaBaseConfiguration$JpaWebConfiguration - spring.jpa.open-in-view is enabled by default. Therefore, database queries may be performed during view rendering. Explicitly configure spring.jpa.open-in-view to disable this warning
2025-02-20 14:02:37 [main] INFO  o.s.b.a.e.web.EndpointLinksResolver - Exposing 18 endpoints beneath base path '/actuator'
2025-02-20 14:02:37 [main] INFO  o.s.b.w.e.tomcat.TomcatWebServer - Tomcat started on port 8080 (http) with context path '/'
2025-02-20 14:02:38 [main] INFO  c.e.internship.InternshipApplication - Started InternshipApplication in 6.944 seconds (process running for 7.651)
2025-02-20 14:02:38 [RMI TCP Connection(3)-26.199.202.108] INFO  o.s.web.servlet.DispatcherServlet - Initializing Servlet 'dispatcherServlet'
2025-02-20 14:02:38 [RMI TCP Connection(3)-26.199.202.108] INFO  o.s.web.servlet.DispatcherServlet - Completed initialization in 3 ms
2025-02-20 14:02:42 [org.springframework.kafka.KafkaListenerEndpointContainer#0-0-C-1] INFO  o.s.k.l.KafkaMessageListenerContainer - internship-group: partitions assigned: [image-events-0]
2025-02-20 14:03:03 [org.springframework.kafka.KafkaListenerEndpointContainer#0-0-C-1] INFO  c.e.i.service.KafkaConsumerService - Image's metadata is shown
2025-02-20 14:03:11 [org.springframework.kafka.KafkaListenerEndpointContainer#0-0-C-1] INFO  c.e.i.service.KafkaConsumerService - Image is downloaded
2025-02-20 14:05:00 [org.springframework.kafka.KafkaListenerEndpointContainer#0-0-C-1] INFO  c.e.i.service.KafkaConsumerService - Image is uploaded
2025-02-20 14:05:15 [org.springframework.kafka.KafkaListenerEndpointContainer#0-0-C-1] INFO  c.e.i.service.KafkaConsumerService - Image is deleted
2025-02-20 14:05:30 [org.springframework.kafka.KafkaListenerEndpointContainer#0-0-C-1] INFO  c.e.i.service.KafkaConsumerService - Image is uploaded
2025-02-20 14:05:40 [org.springframework.kafka.KafkaListenerEndpointContainer#0-0-C-1] INFO  c.e.i.service.KafkaConsumerService - Image's metadata is shown
2025-02-20 14:50:33 [org.springframework.kafka.KafkaListenerEndpointContainer#0-0-C-1] INFO  o.s.k.l.KafkaMessageListenerContainer - internship-group: partitions revoked: [image-events-0]
2025-02-20 14:50:33 [org.springframework.kafka.KafkaListenerEndpointContainer#0-0-C-1] INFO  o.s.k.l.KafkaMessageListenerContainer - internship-group: Consumer stopped
2025-02-20 14:50:33 [SpringApplicationShutdownHook] INFO  o.s.b.w.e.tomcat.GracefulShutdown - Commencing graceful shutdown. Waiting for active requests to complete
2025-02-20 14:50:33 [tomcat-shutdown] INFO  o.s.b.w.e.tomcat.GracefulShutdown - Graceful shutdown complete
2025-02-20 14:50:33 [SpringApplicationShutdownHook] INFO  o.s.o.j.LocalContainerEntityManagerFactoryBean - Closing JPA EntityManagerFactory for persistence unit 'default'
